<?xml version="1.0" encoding="UTF-8"?>
<!-- Generated by org.testng.reporters.JUnitXMLReporter -->
<testsuite ignored="0" hostname="Anchals-MacBook-Pro.local" failures="0" tests="7" name="Free CRM App Test Cases" time="41.463" errors="0" timestamp="2022-04-24T22:37:34 IST">
  <testcase classname="JupiterAutomationTestcases.ContactPageTestcase" name="validate_error_message" time="1.512"/>
  <testcase classname="JupiterAutomationTestcases.ContactPageTestcase" name="validate_success_message" time="0.612"/>
  <testcase classname="JupiterAutomationTestcases.ContactPageTestcase" name="validate_success_message" time="0.629"/>
  <testcase classname="JupiterAutomationTestcases.ContactPageTestcase" name="validate_success_message" time="0.614"/>
  <testcase classname="JupiterAutomationTestcases.ContactPageTestcase" name="validate_success_message" time="0.607"/>
  <testcase classname="JupiterAutomationTestcases.ContactPageTestcase" name="validate_success_message" time="0.614"/>
  <testcase classname="JupiterAutomationTestcases.AddProductTestcase" name="add_product" time="1.034"/>
</testsuite> <!-- Free CRM App Test Cases -->
